NOTICE:  view "country" does not exist, skipping
NOTICE:  table "forum_person" does not exist, skipping
NOTICE:  table "forum_tag" does not exist, skipping
NOTICE:  table "person_email" does not exist, skipping
NOTICE:  table "person_tag" does not exist, skipping
NOTICE:  table "person_language" does not exist, skipping
NOTICE:  table "person_university" does not exist, skipping
NOTICE:  table "person_company" does not exist, skipping
NOTICE:  table "message_tag" does not exist, skipping
NOTICE:  table "organisation" does not exist, skipping
NOTICE:  table "knows" does not exist, skipping
NOTICE:  table "likes" does not exist, skipping
NOTICE:  table "tag" does not exist, skipping
NOTICE:  table "tagclass" does not exist, skipping
NOTICE:  table "message" does not exist, skipping
NOTICE:  table "forum" does not exist, skipping
NOTICE:  table "person" does not exist, skipping
NOTICE:  table "place" does not exist, skipping
NOTICE:  Table doesn't have 'DISTRIBUTED BY' clause -- Using column named 'm_messageid' as the Greenplum Database data distribution key for this table.
HINT:  The 'DISTRIBUTED BY' clause determines the distribution of data. Make sure column(s) chosen are the optimal data distribution key to minimize skew.
NOTICE:  Table doesn't have 'DISTRIBUTED BY' clause -- Using column named 'm_messageid' as the Greenplum Database data distribution key for this table.
HINT:  The 'DISTRIBUTED BY' clause determines the distribution of data. Make sure column(s) chosen are the optimal data distribution key to minimize skew.
NOTICE:  Table doesn't have 'DISTRIBUTED BY' clause -- Using column named 'f_forumid' as the Greenplum Database data distribution key for this table.
HINT:  The 'DISTRIBUTED BY' clause determines the distribution of data. Make sure column(s) chosen are the optimal data distribution key to minimize skew.
NOTICE:  Table doesn't have 'DISTRIBUTED BY' clause -- Using column named 'fp_forumid' as the Greenplum Database data distribution key for this table.
HINT:  The 'DISTRIBUTED BY' clause determines the distribution of data. Make sure column(s) chosen are the optimal data distribution key to minimize skew.
NOTICE:  Table doesn't have 'DISTRIBUTED BY' clause -- Using column named 'ft_forumid' as the Greenplum Database data distribution key for this table.
HINT:  The 'DISTRIBUTED BY' clause determines the distribution of data. Make sure column(s) chosen are the optimal data distribution key to minimize skew.
NOTICE:  Table doesn't have 'DISTRIBUTED BY' clause -- Using column named 'o_organisationid' as the Greenplum Database data distribution key for this table.
HINT:  The 'DISTRIBUTED BY' clause determines the distribution of data. Make sure column(s) chosen are the optimal data distribution key to minimize skew.
NOTICE:  Table doesn't have 'DISTRIBUTED BY' clause -- Using column named 'p_personid' as the Greenplum Database data distribution key for this table.
HINT:  The 'DISTRIBUTED BY' clause determines the distribution of data. Make sure column(s) chosen are the optimal data distribution key to minimize skew.
NOTICE:  Table doesn't have 'DISTRIBUTED BY' clause -- Using column named 'pe_personid' as the Greenplum Database data distribution key for this table.
HINT:  The 'DISTRIBUTED BY' clause determines the distribution of data. Make sure column(s) chosen are the optimal data distribution key to minimize skew.
NOTICE:  Table doesn't have 'DISTRIBUTED BY' clause -- Using column named 'pt_personid' as the Greenplum Database data distribution key for this table.
HINT:  The 'DISTRIBUTED BY' clause determines the distribution of data. Make sure column(s) chosen are the optimal data distribution key to minimize skew.
NOTICE:  Table doesn't have 'DISTRIBUTED BY' clause -- Using column named 'k_person1id' as the Greenplum Database data distribution key for this table.
HINT:  The 'DISTRIBUTED BY' clause determines the distribution of data. Make sure column(s) chosen are the optimal data distribution key to minimize skew.
NOTICE:  Table doesn't have 'DISTRIBUTED BY' clause -- Using column named 'l_personid' as the Greenplum Database data distribution key for this table.
HINT:  The 'DISTRIBUTED BY' clause determines the distribution of data. Make sure column(s) chosen are the optimal data distribution key to minimize skew.
NOTICE:  Table doesn't have 'DISTRIBUTED BY' clause -- Using column named 'plang_personid' as the Greenplum Database data distribution key for this table.
HINT:  The 'DISTRIBUTED BY' clause determines the distribution of data. Make sure column(s) chosen are the optimal data distribution key to minimize skew.
NOTICE:  Table doesn't have 'DISTRIBUTED BY' clause -- Using column named 'pu_personid' as the Greenplum Database data distribution key for this table.
HINT:  The 'DISTRIBUTED BY' clause determines the distribution of data. Make sure column(s) chosen are the optimal data distribution key to minimize skew.
NOTICE:  Table doesn't have 'DISTRIBUTED BY' clause -- Using column named 'pc_personid' as the Greenplum Database data distribution key for this table.
HINT:  The 'DISTRIBUTED BY' clause determines the distribution of data. Make sure column(s) chosen are the optimal data distribution key to minimize skew.
NOTICE:  Table doesn't have 'DISTRIBUTED BY' clause -- Using column named 'pl_placeid' as the Greenplum Database data distribution key for this table.
HINT:  The 'DISTRIBUTED BY' clause determines the distribution of data. Make sure column(s) chosen are the optimal data distribution key to minimize skew.
NOTICE:  Table doesn't have 'DISTRIBUTED BY' clause -- Using column named 'mt_messageid' as the Greenplum Database data distribution key for this table.
HINT:  The 'DISTRIBUTED BY' clause determines the distribution of data. Make sure column(s) chosen are the optimal data distribution key to minimize skew.
NOTICE:  Table doesn't have 'DISTRIBUTED BY' clause -- Using column named 'tc_tagclassid' as the Greenplum Database data distribution key for this table.
HINT:  The 'DISTRIBUTED BY' clause determines the distribution of data. Make sure column(s) chosen are the optimal data distribution key to minimize skew.
NOTICE:  Table doesn't have 'DISTRIBUTED BY' clause -- Using column named 't_tagid' as the Greenplum Database data distribution key for this table.
HINT:  The 'DISTRIBUTED BY' clause determines the distribution of data. Make sure column(s) chosen are the optimal data distribution key to minimize skew.
